#
# A fatal error has been detected by the Java Runtime Environment:
#
#  Internal Error (classFileParser.cpp:3494), pid=8782, tid=139792111068928
#  Error: ShouldNotReachHere()
#
# JRE version: 6.0_27-b27
# Java VM: OpenJDK 64-Bit Server VM (20.0-b12 mixed mode linux-amd64 compressed oops)
# Derivative: IcedTea6 1.12.3
# Distribution: Ubuntu 12.10, package 6b27-1.12.3-0ubuntu1~12.10.1
# If you would like to submit a bug report, please include
# instructions how to reproduce the bug and visit:
#   https://bugs.launchpad.net/ubuntu/+source/openjdk-6/
#

---------------  T H R E A D  ---------------

Current thread (0x00007f23dc007800):  JavaThread "Unknown thread" [_thread_in_vm, id=8788, stack(0x00007f23e30f6000,0x00007f23e31f7000)]

Stack: [0x00007f23e30f6000,0x00007f23e31f7000],  sp=0x00007f23e31f50d0,  free space=1020k
Native frames: (J=compiled Java code, j=interpreted, Vv=VM code, C=native code)
V  [libjvm.so+0x797ba5]  VMError::report(outputStream*)+0x1245
V  [libjvm.so+0x797e29]  VMError::report_and_die()+0x169
V  [libjvm.so+0x3c100a]  report_vm_error(char const*, int, char const*, char const*)+0x4a
V  [libjvm.so+0x355a70]  ClassFileParser::parseClassFile(symbolHandle, Handle, Handle, KlassHandle, GrowableArray<Handle>*, symbolHandle&, bool, Thread*)+0x1210
V  [libjvm.so+0x35b0a5]  ClassLoader::load_classfile(symbolHandle, Thread*)+0x1f5
V  [libjvm.so+0x731f7b]  SystemDictionary::load_instance_class(symbolHandle, Handle, Thread*)+0x38b
V  [libjvm.so+0x730829]  SystemDictionary::resolve_instance_class_or_null(symbolHandle, Handle, Handle, Thread*)+0x9e9
V  [libjvm.so+0x732603]  SystemDictionary::resolve_or_fail(symbolHandle, Handle, Handle, bool, Thread*)+0x33
V  [libjvm.so+0x7326d4]  SystemDictionary::resolve_or_fail(symbolHandle, bool, Thread*)+0x14
V  [libjvm.so+0x73278d]  SystemDictionary::initialize_wk_klass(SystemDictionary::WKID, int, Thread*)+0xad
V  [libjvm.so+0x7327fe]  SystemDictionary::initialize_wk_klasses_until(SystemDictionary::WKID, SystemDictionary::WKID&, Thread*)+0x5e
V  [libjvm.so+0x7328ef]  SystemDictionary::initialize_preloaded_classes(Thread*)+0x6f
V  [libjvm.so+0x77346f]  Universe::genesis(Thread*)+0x11f
V  [libjvm.so+0x773e7f]  universe2_init()+0x1f
V  [libjvm.so+0x4810d5]  init_globals()+0x95
V  [libjvm.so+0x75d8aa]  Threads::create_vm(JavaVMInitArgs*, bool*)+0x1ea
V  [libjvm.so+0x4d9ddd]  JNI_CreateJavaVM+0x5d
C  [java+0x323d]  JavaMain+0x7d


---------------  P R O C E S S  ---------------

Java Threads: ( => current thread )

Other Threads:

=>0x00007f23dc007800 (exited) JavaThread "Unknown thread" [_thread_in_vm, id=8788, stack(0x00007f23e30f6000,0x00007f23e31f7000)]

VM state:not at safepoint (not fully initialized)

VM Mutex/Monitor currently owned by a thread: None

Dynamic libraries:
00400000-00409000 r-xp 00000000 08:06 212041                             /usr/lib/jvm/java-6-openjdk-amd64/jre/bin/java
00608000-00609000 r--p 00008000 08:06 212041                             /usr/lib/jvm/java-6-openjdk-amd64/jre/bin/java
00609000-0060a000 rw-p 00009000 08:06 212041                             /usr/lib/jvm/java-6-openjdk-amd64/jre/bin/java
0249a000-024bb000 rw-p 00000000 00:00 0                                  [heap]
778c00000-77a0c0000 rw-p 00000000 00:00 0 
77a0c0000-783200000 rw-p 00000000 00:00 0 
783200000-788540000 rw-p 00000000 00:00 0 
788540000-7d6600000 rw-p 00000000 00:00 0 
7d6600000-7d8f90000 rw-p 00000000 00:00 0 
7d8f90000-800000000 rw-p 00000000 00:00 0 
7f23ac000000-7f23ac021000 rw-p 00000000 00:00 0 
7f23ac021000-7f23b0000000 ---p 00000000 00:00 0 
7f23b4000000-7f23b4021000 rw-p 00000000 00:00 0 
7f23b4021000-7f23b8000000 ---p 00000000 00:00 0 
7f23bc000000-7f23bc021000 rw-p 00000000 00:00 0 
7f23bc021000-7f23c0000000 ---p 00000000 00:00 0 
7f23c4000000-7f23c4021000 rw-p 00000000 00:00 0 
7f23c4021000-7f23c8000000 ---p 00000000 00:00 0 
7f23cc000000-7f23cc021000 rw-p 00000000 00:00 0 
7f23cc021000-7f23d0000000 ---p 00000000 00:00 0 
7f23d4000000-7f23d4021000 rw-p 00000000 00:00 0 
7f23d4021000-7f23d8000000 ---p 00000000 00:00 0 
7f23d8158000-7f23d821e000 r--s 0116f000 08:15 3287642                    /home/lk/Downloads/adt-bundle-linux-x86_64-20130219/sdk/platforms/android-17/android.jar
7f23d821e000-7f23d821f000 ---p 00000000 00:00 0 
7f23d821f000-7f23d831f000 rw-p 00000000 00:00 0                          [stack:8794]
7f23d831f000-7f23d8320000 ---p 00000000 00:00 0 
7f23d8320000-7f23d8420000 rw-p 00000000 00:00 0                          [stack:8793]
7f23d8420000-7f23d8421000 ---p 00000000 00:00 0 
7f23d8421000-7f23d8521000 rw-p 00000000 00:00 0                          [stack:8792]
7f23d8521000-7f23d8522000 ---p 00000000 00:00 0 
7f23d8522000-7f23d8622000 rw-p 00000000 00:00 0                          [stack:8791]
7f23d8622000-7f23d8623000 ---p 00000000 00:00 0 
7f23d8623000-7f23d874d000 rw-p 00000000 00:00 0                          [stack:8790]
7f23d874d000-7f23d89bd000 rw-p 00000000 00:00 0 
7f23d89bd000-7f23d89c8000 rw-p 00000000 00:00 0 
7f23d89c8000-7f23d8a10000 rw-p 00000000 00:00 0 
7f23d8a10000-7f23d8a3a000 rw-p 00000000 00:00 0 
7f23d8a3a000-7f23d8caa000 rw-p 00000000 00:00 0 
7f23d8caa000-7f23d8cbf000 rw-p 00000000 00:00 0 
7f23d8cbf000-7f23d8df7000 rw-p 00000000 00:00 0 
7f23d8df7000-7f23d8df8000 rw-p 00000000 00:00 0 
7f23d8df8000-7f23d9068000 rwxp 00000000 00:00 0 
7f23d9068000-7f23dbdf8000 rw-p 00000000 00:00 0 
7f23dbdf8000-7f23dbdff000 r-xp 00000000 08:06 163036                     /usr/lib/jvm/java-6-openjdk-amd64/jre/lib/amd64/libzip.so
7f23dbdff000-7f23dbffe000 ---p 00007000 08:06 163036                     /usr/lib/jvm/java-6-openjdk-amd64/jre/lib/amd64/libzip.so
7f23dbffe000-7f23dbfff000 r--p 00006000 08:06 163036                     /usr/lib/jvm/java-6-openjdk-amd64/jre/lib/amd64/libzip.so
7f23dbfff000-7f23dc000000 rw-p 00007000 08:06 163036                     /usr/lib/jvm/java-6-openjdk-amd64/jre/lib/amd64/libzip.so
7f23dc000000-7f23dc083000 rw-p 00000000 00:00 0 
7f23dc083000-7f23e0000000 ---p 00000000 00:00 0 
7f23e000b000-7f23e0033000 rw-p 00000000 00:00 0 
7f23e0033000-7f23e0034000 ---p 00000000 00:00 0 
7f23e0034000-7f23e013f000 rw-p 00000000 00:00 0                          [stack:8789]
7f23e013f000-7f23e0187000 rw-p 00000000 00:00 0 
7f23e0187000-7f23e0193000 r-xp 00000000 08:06 269029                     /lib/x86_64-linux-gnu/libnss_files-2.15.so
7f23e0193000-7f23e0392000 ---p 0000c000 08:06 269029                     /lib/x86_64-linux-gnu/libnss_files-2.15.so
7f23e0392000-7f23e0393000 r--p 0000b000 08:06 269029                     /lib/x86_64-linux-gnu/libnss_files-2.15.so
7f23e0393000-7f23e0394000 rw-p 0000c000 08:06 269029                     /lib/x86_64-linux-gnu/libnss_files-2.15.so
7f23e0394000-7f23e039e000 r-xp 00000000 08:06 269025                     /lib/x86_64-linux-gnu/libnss_nis-2.15.so
7f23e039e000-7f23e059e000 ---p 0000a000 08:06 269025                     /lib/x86_64-linux-gnu/libnss_nis-2.15.so
7f23e059e000-7f23e059f000 r--p 0000a000 08:06 269025                     /lib/x86_64-linux-gnu/libnss_nis-2.15.so
7f23e059f000-7f23e05a0000 rw-p 0000b000 08:06 269025                     /lib/x86_64-linux-gnu/libnss_nis-2.15.so
7f23e05a0000-7f23e05b7000 r-xp 00000000 08:06 269038                     /lib/x86_64-linux-gnu/libnsl-2.15.so
7f23e05b7000-7f23e07b6000 ---p 00017000 08:06 269038                     /lib/x86_64-linux-gnu/libnsl-2.15.so
7f23e07b6000-7f23e07b7000 r--p 00016000 08:06 269038                     /lib/x86_64-linux-gnu/libnsl-2.15.so
7f23e07b7000-7f23e07b8000 rw-p 00017000 08:06 269038                     /lib/x86_64-linux-gnu/libnsl-2.15.so
7f23e07b8000-7f23e07ba000 rw-p 00000000 00:00 0 
7f23e07ba000-7f23e07c2000 r-xp 00000000 08:06 269030                     /lib/x86_64-linux-gnu/libnss_compat-2.15.so
7f23e07c2000-7f23e09c1000 ---p 00008000 08:06 269030                     /lib/x86_64-linux-gnu/libnss_compat-2.15.so
7f23e09c1000-7f23e09c2000 r--p 00007000 08:06 269030                     /lib/x86_64-linux-gnu/libnss_compat-2.15.so
7f23e09c2000-7f23e09c3000 rw-p 00008000 08:06 269030                     /lib/x86_64-linux-gnu/libnss_compat-2.15.so
7f23e09c3000-7f23e09f0000 r-xp 00000000 08:06 139660                     /usr/lib/jvm/java-6-openjdk-amd64/jre/lib/amd64/libjava.so
7f23e09f0000-7f23e0bf0000 ---p 0002d000 08:06 139660                     /usr/lib/jvm/java-6-openjdk-amd64/jre/lib/amd64/libjava.so
7f23e0bf0000-7f23e0bf1000 r--p 0002d000 08:06 139660                     /usr/lib/jvm/java-6-openjdk-amd64/jre/lib/amd64/libjava.so
7f23e0bf1000-7f23e0bf4000 rw-p 0002e000 08:06 139660                     /usr/lib/jvm/java-6-openjdk-amd64/jre/lib/amd64/libjava.so
7f23e0bf4000-7f23e0c03000 r-xp 00000000 08:06 155944                     /usr/lib/jvm/java-6-openjdk-amd64/jre/lib/amd64/libverify.so
7f23e0c03000-7f23e0e02000 ---p 0000f000 08:06 155944                     /usr/lib/jvm/java-6-openjdk-amd64/jre/lib/amd64/libverify.so
7f23e0e02000-7f23e0e04000 r--p 0000e000 08:06 155944                     /usr/lib/jvm/java-6-openjdk-amd64/jre/lib/amd64/libverify.so
7f23e0e04000-7f23e0e05000 rw-p 00010000 08:06 155944                     /usr/lib/jvm/java-6-openjdk-amd64/jre/lib/amd64/libverify.so
7f23e0e05000-7f23e0e0c000 r-xp 00000000 08:06 269023                     /lib/x86_64-linux-gnu/librt-2.15.so
7f23e0e0c000-7f23e100b000 ---p 00007000 08:06 269023                     /lib/x86_64-linux-gnu/librt-2.15.so
7f23e100b000-7f23e100c000 r--p 00006000 08:06 269023                     /lib/x86_64-linux-gnu/librt-2.15.so
7f23e100c000-7f23e100d000 rw-p 00007000 08:06 269023                     /lib/x86_64-linux-gnu/librt-2.15.so
7f23e100d000-7f23e1022000 r-xp 00000000 08:06 261250                     /lib/x86_64-linux-gnu/libgcc_s.so.1
7f23e1022000-7f23e1221000 ---p 00015000 08:06 261250                     /lib/x86_64-linux-gnu/libgcc_s.so.1
7f23e1221000-7f23e1222000 r--p 00014000 08:06 261250                     /lib/x86_64-linux-gnu/libgcc_s.so.1
7f23e1222000-7f23e1223000 rw-p 00015000 08:06 261250                     /lib/x86_64-linux-gnu/libgcc_s.so.1
7f23e1223000-7f23e131e000 r-xp 00000000 08:06 269027                     /lib/x86_64-linux-gnu/libm-2.15.so
7f23e131e000-7f23e151d000 ---p 000fb000 08:06 269027                     /lib/x86_64-linux-gnu/libm-2.15.so
7f23e151d000-7f23e151e000 r--p 000fa000 08:06 269027                     /lib/x86_64-linux-gnu/libm-2.15.so
7f23e151e000-7f23e151f000 rw-p 000fb000 08:06 269027                     /lib/x86_64-linux-gnu/libm-2.15.so
7f23e151f000-7f23e1604000 r-xp 00000000 08:06 131634                     /usr/lib/x86_64-linux-gnu/libstdc++.so.6.0.17
7f23e1604000-7f23e1803000 ---p 000e5000 08:06 131634                     /usr/lib/x86_64-linux-gnu/libstdc++.so.6.0.17
7f23e1803000-7f23e180b000 r--p 000e4000 08:06 131634                     /usr/lib/x86_64-linux-gnu/libstdc++.so.6.0.17
7f23e180b000-7f23e180d000 rw-p 000ec000 08:06 131634                     /usr/lib/x86_64-linux-gnu/libstdc++.so.6.0.17
7f23e180d000-7f23e1822000 rw-p 00000000 00:00 0 
7f23e1822000-7f23e2140000 r-xp 00000000 08:06 139653                     /usr/lib/jvm/java-6-openjdk-amd64/jre/lib/amd64/server/libjvm.so
7f23e2140000-7f23e2340000 ---p 0091e000 08:06 139653                     /usr/lib/jvm/java-6-openjdk-amd64/jre/lib/amd64/server/libjvm.so
7f23e2340000-7f23e23c0000 r--p 0091e000 08:06 139653                     /usr/lib/jvm/java-6-openjdk-amd64/jre/lib/amd64/server/libjvm.so
7f23e23c0000-7f23e23db000 rw-p 0099e000 08:06 139653                     /usr/lib/jvm/java-6-openjdk-amd64/jre/lib/amd64/server/libjvm.so
7f23e23db000-7f23e2404000 rw-p 00000000 00:00 0 
7f23e2404000-7f23e241a000 r-xp 00000000 08:06 261259                     /lib/x86_64-linux-gnu/libz.so.1.2.7
7f23e241a000-7f23e2619000 ---p 00016000 08:06 261259                     /lib/x86_64-linux-gnu/libz.so.1.2.7
7f23e2619000-7f23e261a000 r--p 00015000 08:06 261259                     /lib/x86_64-linux-gnu/libz.so.1.2.7
7f23e261a000-7f23e261b000 rw-p 00016000 08:06 261259                     /lib/x86_64-linux-gnu/libz.so.1.2.7
7f23e261b000-7f23e27d0000 r-xp 00000000 08:06 269019                     /lib/x86_64-linux-gnu/libc-2.15.so
7f23e27d0000-7f23e29cf000 ---p 001b5000 08:06 269019                     /lib/x86_64-linux-gnu/libc-2.15.so
7f23e29cf000-7f23e29d3000 r--p 001b4000 08:06 269019                     /lib/x86_64-linux-gnu/libc-2.15.so
7f23e29d3000-7f23e29d5000 rw-p 001b8000 08:06 269019                     /lib/x86_64-linux-gnu/libc-2.15.so
7f23e29d5000-7f23e29da000 rw-p 00000000 00:00 0 
7f23e29da000-7f23e29dc000 r-xp 00000000 08:06 269018                     /lib/x86_64-linux-gnu/libdl-2.15.so
7f23e29dc000-7f23e2bdc000 ---p 00002000 08:06 269018                     /lib/x86_64-linux-gnu/libdl-2.15.so
7f23e2bdc000-7f23e2bdd000 r--p 00002000 08:06 269018                     /lib/x86_64-linux-gnu/libdl-2.15.so
7f23e2bdd000-7f23e2bde000 rw-p 00003000 08:06 269018                     /lib/x86_64-linux-gnu/libdl-2.15.so
7f23e2bde000-7f23e2be2000 r-xp 00000000 08:06 139661                     /usr/lib/jvm/java-6-openjdk-amd64/jre/lib/amd64/jli/libjli.so
7f23e2be2000-7f23e2de1000 ---p 00004000 08:06 139661                     /usr/lib/jvm/java-6-openjdk-amd64/jre/lib/amd64/jli/libjli.so
7f23e2de1000-7f23e2de2000 r--p 00003000 08:06 139661                     /usr/lib/jvm/java-6-openjdk-amd64/jre/lib/amd64/jli/libjli.so
7f23e2de2000-7f23e2de3000 rw-p 00004000 08:06 139661                     /usr/lib/jvm/java-6-openjdk-amd64/jre/lib/amd64/jli/libjli.so
7f23e2de3000-7f23e2dfb000 r-xp 00000000 08:06 269021                     /lib/x86_64-linux-gnu/libpthread-2.15.so
7f23e2dfb000-7f23e2ffa000 ---p 00018000 08:06 269021                     /lib/x86_64-linux-gnu/libpthread-2.15.so
7f23e2ffa000-7f23e2ffb000 r--p 00017000 08:06 269021                     /lib/x86_64-linux-gnu/libpthread-2.15.so
7f23e2ffb000-7f23e2ffc000 rw-p 00018000 08:06 269021                     /lib/x86_64-linux-gnu/libpthread-2.15.so
7f23e2ffc000-7f23e3000000 rw-p 00000000 00:00 0 
7f23e3000000-7f23e3022000 r-xp 00000000 08:06 269033                     /lib/x86_64-linux-gnu/ld-2.15.so
7f23e3036000-7f23e3040000 rw-p 00000000 00:00 0 
7f23e3040000-7f23e30f6000 rw-p 00000000 00:00 0 
7f23e30f6000-7f23e30f9000 ---p 00000000 00:00 0 
7f23e30f9000-7f23e31fc000 rw-p 00000000 00:00 0                          [stack:8788]
7f23e3216000-7f23e321e000 rw-s 00000000 08:06 540346                     /tmp/hsperfdata_lk/8782
7f23e321e000-7f23e321f000 rw-p 00000000 00:00 0 
7f23e321f000-7f23e3220000 r--p 00000000 00:00 0 
7f23e3220000-7f23e3222000 rw-p 00000000 00:00 0 
7f23e3222000-7f23e3223000 r--p 00022000 08:06 269033                     /lib/x86_64-linux-gnu/ld-2.15.so
7f23e3223000-7f23e3225000 rw-p 00023000 08:06 269033                     /lib/x86_64-linux-gnu/ld-2.15.so
7fff76e42000-7fff76e63000 rw-p 00000000 00:00 0                          [stack]
7fff76fff000-7fff77000000 r-xp 00000000 00:00 0                          [vdso]
ffffffffff600000-ffffffffff601000 r-xp 00000000 00:00 0                  [vsyscall]

VM Arguments:
jvm_args: -Dfile.encoding=UTF-8 -Xbootclasspath:/home/lk/Downloads/adt-bundle-linux-x86_64-20130219/sdk/platforms/android-17/android.jar 
java_command: com.airplayer.FormatFilter
Launcher Type: SUN_STANDARD

Environment Variables:
JAVA_HOME=/usr/lib/jvm/java-6-openjdk-amd64
CLASSPATH=.:/usr/lib/jvm/java-6-openjdk-amd64/lib
PATH=/usr/lib/lightdm/lightdm:/usr/local/sbin:/usr/local/bin:/usr/sbin:/usr/bin:/sbin:/bin:/usr/games:/usr/local/games:/usr/local/cuda/bin
LD_LIBRARY_PATH=/usr/lib/jvm/java-6-openjdk-amd64/jre/lib/amd64/server:/usr/lib/jvm/java-6-openjdk-amd64/jre/lib/amd64:/usr/lib/jvm/java-6-openjdk-amd64/jre/../lib/amd64
SHELL=/bin/bash
DISPLAY=:0.0

Signal Handlers:
SIGSEGV: [libjvm.so+0x798890], sa_mask[0]=0x7ffbfeff, sa_flags=0x10000004
SIGBUS: [libjvm.so+0x798890], sa_mask[0]=0x7ffbfeff, sa_flags=0x10000004
SIGFPE: [libjvm.so+0x65f730], sa_mask[0]=0x7ffbfeff, sa_flags=0x10000004
SIGPIPE: [libjvm.so+0x65f730], sa_mask[0]=0x7ffbfeff, sa_flags=0x10000004
SIGXFSZ: [libjvm.so+0x65f730], sa_mask[0]=0x7ffbfeff, sa_flags=0x10000004
SIGILL: [libjvm.so+0x65f730], sa_mask[0]=0x7ffbfeff, sa_flags=0x10000004
SIGUSR1: SIG_DFL, sa_mask[0]=0x00000000, sa_flags=0x00000000
SIGUSR2: [libjvm.so+0x65f8f0], sa_mask[0]=0x00000004, sa_flags=0x10000004
SIGHUP: SIG_DFL, sa_mask[0]=0x00000000, sa_flags=0x00000000
SIGINT: SIG_DFL, sa_mask[0]=0x00000000, sa_flags=0x00000000
SIGTERM: SIG_DFL, sa_mask[0]=0x00000000, sa_flags=0x00000000
SIGQUIT: SIG_DFL, sa_mask[0]=0x00000000, sa_flags=0x00000000


---------------  S Y S T E M  ---------------

OS:Ubuntu 12.10 (quantal)
uname:Linux 3.5.0-25-generic #39-Ubuntu SMP Mon Feb 25 18:26:58 UTC 2013 x86_64
libc:glibc 2.15 NPTL 2.15 
rlimit: STACK 8192k, CORE 0k, NPROC 63223, NOFILE 4096, AS infinity
load average:1.69 1.46 1.37

/proc/meminfo:
MemTotal:        8176964 kB
MemFree:         3628312 kB
Buffers:          292656 kB
Cached:          1595468 kB
SwapCached:            0 kB
Active:          3019496 kB
Inactive:        1158076 kB
Active(anon):    2296504 kB
Inactive(anon):    10852 kB
Active(file):     722992 kB
Inactive(file):  1147224 kB
Unevictable:       31336 kB
Mlocked:           31336 kB
SwapTotal:        999420 kB
SwapFree:         999420 kB
Dirty:               676 kB
Writeback:             0 kB
AnonPages:       2321976 kB
Mapped:           258596 kB
Shmem:             11484 kB
Slab:             190384 kB
SReclaimable:     153768 kB
SUnreclaim:        36616 kB
KernelStack:        4720 kB
PageTables:        36580 kB
NFS_Unstable:          0 kB
Bounce:                0 kB
WritebackTmp:          0 kB
CommitLimit:     5087900 kB
Committed_AS:    5913284 kB
VmallocTotal:   34359738367 kB
VmallocUsed:      323376 kB
VmallocChunk:   34359406076 kB
HardwareCorrupted:     0 kB
AnonHugePages:         0 kB
HugePages_Total:       0
HugePages_Free:        0
HugePages_Rsvd:        0
HugePages_Surp:        0
Hugepagesize:       2048 kB
DirectMap4k:      139840 kB
DirectMap2M:     5101568 kB
DirectMap1G:     3145728 kB


CPU:total 6 (6 cores per cpu, 1 threads per core) family 16 model 10 stepping 0, cmov, cx8, fxsr, mmx, sse, sse2, sse3, popcnt, mmxext, 3dnowpref, lzcnt, sse4a

Memory: 4k page, physical 8176964k(3628312k free), swap 999420k(999420k free)

vm_info: OpenJDK 64-Bit Server VM (20.0-b12) for linux-amd64 JRE (1.6.0_27-b27), built on Mar  5 2013 00:13:21 by "buildd" with gcc 4.7.2

time: Tue Mar 19 11:43:48 2013
elapsed time: 0 seconds

